
{
	gl.supports_vertex_array_object: true
	cocos2d.x.version: cocos2d-x-3.11.1
	gl.vendor: Intel Inc.
	gl.supports_PVRTC: false
	gl.renderer: Intel Iris OpenGL Engine
	cocos2d.x.compiled_with_profiler: false
	cocos2d.x.build_type: DEBUG
	cocos2d.x.compiled_with_gl_state_cache: true
	gl.max_texture_size: 16384
	gl.supports_ETC1: false
	gl.supports_BGRA8888: false
	gl.max_texture_units: 16
	gl.supports_OES_packed_depth_stencil: false
	gl.supports_ATITC: false
	gl.supports_discard_framebuffer: false
	gl.supports_NPOT: true
	gl.version: 2.1 INTEL-10.14.73
	gl.supports_S3TC: true
	gl.supports_OES_depth24: false
}


------------------------------------------------
LOAD LUA FILE: /Users/staff/Documents/cocos-quick/merge/cocos-quick/player/quick/samples/towerdefense/src/main.lua
------------------------------------------------
can not get file data of src/cocos/cocos2d/extern.lua
[LUA ERROR] [string "cocos/init.lua"]:4: module 'cocos.cocos2d.extern' not found:
	no field package.preload['cocos.cocos2d.extern']
	no file './cocos/cocos2d/extern.lua'
	no file '/Users/cocos2d/MyWork/cocos2d-x-3rd-party-libs-src/cocos2d-x-3rd-party-libs-src/contrib/install-ios/x86_64/share/luajit-2.0.3/cocos/cocos2d/extern.lua'
	no file '/usr/local/share/lua/5.1/cocos/cocos2d/extern.lua'
	no file '/usr/local/share/lua/5.1/cocos/cocos2d/extern/init.lua'
	no file '/Users/cocos2d/MyWork/cocos2d-x-3rd-party-libs-src/cocos2d-x-3rd-party-libs-src/contrib/install-ios/x86_64/share/lua/5.1/cocos/cocos2d/extern.lua'
	no file '/Users/cocos2d/MyWork/cocos2d-x-3rd-party-libs-src/cocos2d-x-3rd-party-libs-src/contrib/install-ios/x86_64/share/lua/5.1/cocos/cocos2d/extern/init.lua'
	no file '/Users/staff/Documents/cocos-quick/merge/cocos-quick/player/quick/samples/towerdefense/src/cocos/cocos2d/extern.lua'
	no file 'src/'
	no file './cocos/cocos2d/extern.so'
	no file '/usr/local/lib/lua/5.1/cocos/cocos2d/extern.so'
	no file '/Users/cocos2d/MyWork/cocos2d-x-3rd-party-libs-src/cocos2d-x-3rd-party-libs-src/contrib/install-ios/x86_64/lib/lua/5.1/cocos/cocos2d/extern.so'
	no file '/usr/local/lib/lua/5.1/loadall.so'
	no file './cocos.so'
	no file '/usr/local/lib/lua/5.1/cocos.so'
	no file '/Users/cocos2d/MyWork/cocos2d-x-3rd-party-libs-src/cocos2d-x-3rd-party-libs-src/contrib/install-ios/x86_64/lib/lua/5.1/cocos.so'
	no file '/usr/local/lib/lua/5.1/loadall.so'
cocos2d: QuadCommand: resizing index size from [-1] to [30]
cocos2d: QuadCommand: resizing index size from [30] to [90]
cocos2d: QuadCommand: resizing index size from [90] to [96]
