
{
	gl.supports_vertex_array_object: true
	cocos2d.x.version: cocos2d-x-3.11.1
	gl.vendor: Intel Inc.
	gl.supports_PVRTC: false
	gl.renderer: Intel Iris OpenGL Engine
	cocos2d.x.compiled_with_profiler: false
	cocos2d.x.build_type: DEBUG
	cocos2d.x.compiled_with_gl_state_cache: true
	gl.max_texture_size: 16384
	gl.supports_ETC1: false
	gl.supports_BGRA8888: false
	gl.max_texture_units: 16
	gl.supports_OES_packed_depth_stencil: false
	gl.supports_ATITC: false
	gl.supports_discard_framebuffer: false
	gl.supports_NPOT: true
	gl.version: 2.1 INTEL-10.12.13
	gl.supports_S3TC: true
	gl.supports_OES_depth24: false
}


------------------------------------------------
LOAD LUA FILE: /Users/staff/Documents/cocos-quick/merge/cocos-quick/player/quick/samples/bytearray/src/main.lua
------------------------------------------------
[LUA-print] ===========================================================
[LUA-print]               LOAD QUICK FRAMEWORK
[LUA-print] ===========================================================
[LUA-print] [INFO] 
[LUA-print] [INFO] # DEBUG                        = 2
[LUA-print] [INFO] #
[LUA-print] [INFO] # device.platform              = mac
[LUA-print] [INFO] # device.model                 = unknown
[LUA-print] [INFO] # device.language              = cn
[LUA-print] [INFO] # device.writablePath          = /Users/staff/Documents/cocos-quick/merge/cocos-quick/player/quick/samples/bytearray/
[LUA-print] [INFO] # device.directorySeparator    = /
[LUA-print] [INFO] # device.pathSeparator         = :
[LUA-print] [INFO] #
[LUA-print] [INFO] # CONFIG_SCREEN_AUTOSCALE      = FIXED_HEIGHT
[LUA-print] [INFO] # CONFIG_SCREEN_WIDTH          = 960.00
[LUA-print] [INFO] # CONFIG_SCREEN_HEIGHT         = 640.00
[LUA-print] [INFO] # display.widthInPixels        = 960.00
[LUA-print] [INFO] # display.heightInPixels       = 640.00
[LUA-print] [INFO] # display.contentScaleFactor   = 1.00
[LUA-print] [INFO] # display.width                = 960.00
[LUA-print] [INFO] # display.height               = 640.00
[LUA-print] [INFO] # display.cx                   = 480.00
[LUA-print] [INFO] # display.cy                   = 320.00
[LUA-print] [INFO] # display.left                 = 0.00
[LUA-print] [INFO] # display.right                = 960.00
[LUA-print] [INFO] # display.top                  = 640.00
[LUA-print] [INFO] # display.bottom               = 0.00
[LUA-print] [INFO] # display.c_left               = -480.00
[LUA-print] [INFO] # display.c_right              = 480.00
[LUA-print] [INFO] # display.c_top                = 320.00
[LUA-print] [INFO] # display.c_bottom             = -320.00
[LUA-print] [INFO] #
[LUA-print] [INFO] userdata: 0x1267de50 [EventProtocol] addEventListener() - event: CLICKED_EVENT, handle: 1, tag: 
[LUA-print] [INFO] userdata: 0x12837240 [EventProtocol] addEventListener() - event: CLICKED_EVENT, handle: 1, tag: 
[LUA-print] [INFO] userdata: 0x12782240 [EventProtocol] addEventListener() - event: CLICKED_EVENT, handle: 1, tag: 
cocos2d: QuadCommand: resizing index size from [-1] to [90]
